<?xml version="1.0" encoding="UTF-8"?>
<testsuite name="com.healthhong.HealthhongApplicationTests" tests="1" skipped="0" failures="0" errors="0" timestamp="2020-02-02T02:48:35" hostname="JOONGIui-MacBook-Pro.local" time="0.27">
  <properties/>
  <testcase name="contextLoads()" classname="com.healthhong.HealthhongApplicationTests" time="0.27"/>
  <system-out><![CDATA[11:48:33.562 [Test worker] DEBUG org.springframework.test.context.BootstrapUtils - Instantiating CacheAwareContextLoaderDelegate from class [org.springframework.test.context.cache.DefaultCacheAwareContextLoaderDelegate]
11:48:33.572 [Test worker] DEBUG org.springframework.test.context.BootstrapUtils - Instantiating BootstrapContext using constructor [public org.springframework.test.context.support.DefaultBootstrapContext(java.lang.Class,org.springframework.test.context.CacheAwareContextLoaderDelegate)]
11:48:33.591 [Test worker] DEBUG org.springframework.test.context.BootstrapUtils - Instantiating TestContextBootstrapper for test class [com.healthhong.HealthhongApplicationTests] from class [org.springframework.boot.test.context.SpringBootTestContextBootstrapper]
11:48:33.601 [Test worker] INFO org.springframework.boot.test.context.SpringBootTestContextBootstrapper - Neither @ContextConfiguration nor @ContextHierarchy found for test class [com.healthhong.HealthhongApplicationTests], using SpringBootContextLoader
11:48:33.603 [Test worker] DEBUG org.springframework.test.context.support.AbstractContextLoader - Did not detect default resource location for test class [com.healthhong.HealthhongApplicationTests]: class path resource [com/healthhong/HealthhongApplicationTests-context.xml] does not exist
11:48:33.604 [Test worker] DEBUG org.springframework.test.context.support.AbstractContextLoader - Did not detect default resource location for test class [com.healthhong.HealthhongApplicationTests]: class path resource [com/healthhong/HealthhongApplicationTestsContext.groovy] does not exist
11:48:33.604 [Test worker] INFO org.springframework.test.context.support.AbstractContextLoader - Could not detect default resource locations for test class [com.healthhong.HealthhongApplicationTests]: no resource found for suffixes {-context.xml, Context.groovy}.
11:48:33.605 [Test worker] INFO org.springframework.test.context.support.AnnotationConfigContextLoaderUtils - Could not detect default configuration classes for test class [com.healthhong.HealthhongApplicationTests]: HealthhongApplicationTests does not declare any static, non-private, non-final, nested classes annotated with @Configuration.
11:48:33.629 [Test worker] DEBUG org.springframework.test.context.support.ActiveProfilesUtils - Could not find an 'annotation declaring class' for annotation type [org.springframework.test.context.ActiveProfiles] and class [com.healthhong.HealthhongApplicationTests]
11:48:33.676 [Test worker] DEBUG org.springframework.context.annotation.ClassPathScanningCandidateComponentProvider - Identified candidate component class: file [/Users/joongi/git/healthhong/build/classes/java/main/com/healthhong/HealthhongApplication.class]
11:48:33.677 [Test worker] INFO org.springframework.boot.test.context.SpringBootTestContextBootstrapper - Found @SpringBootConfiguration com.healthhong.HealthhongApplication for test class com.healthhong.HealthhongApplicationTests
11:48:33.745 [Test worker] DEBUG org.springframework.boot.test.context.SpringBootTestContextBootstrapper - @TestExecutionListeners is not present for class [com.healthhong.HealthhongApplicationTests]: using defaults.
11:48:33.745 [Test worker] INFO org.springframework.boot.test.context.SpringBootTestContextBootstrapper - Loaded default TestExecutionListener class names from location [META-INF/spring.factories]: [org.springframework.boot.test.autoconfigure.restdocs.RestDocsTestExecutionListener, org.springframework.boot.test.autoconfigure.web.client.MockRestServiceServerResetTestExecutionListener, org.springframework.boot.test.autoconfigure.web.servlet.MockMvcPrintOnlyOnFailureTestExecutionListener, org.springframework.boot.test.autoconfigure.web.servlet.WebDriverTestExecutionListener, org.springframework.boot.test.mock.mockito.MockitoTestExecutionListener, org.springframework.boot.test.mock.mockito.ResetMocksTestExecutionListener, org.springframework.test.context.web.ServletTestExecutionListener, org.springframework.test.context.support.DirtiesContextBeforeModesTestExecutionListener, org.springframework.test.context.support.DependencyInjectionTestExecutionListener, org.springframework.test.context.support.DirtiesContextTestExecutionListener, org.springframework.test.context.transaction.TransactionalTestExecutionListener, org.springframework.test.context.jdbc.SqlScriptsTestExecutionListener, org.springframework.test.context.event.EventPublishingTestExecutionListener]
11:48:33.755 [Test worker] INFO org.springframework.boot.test.context.SpringBootTestContextBootstrapper - Using TestExecutionListeners: [org.springframework.test.context.web.ServletTestExecutionListener@5f9aa24a, org.springframework.test.context.support.DirtiesContextBeforeModesTestExecutionListener@3c137a09, org.springframework.boot.test.mock.mockito.MockitoTestExecutionListener@5876b704, org.springframework.boot.test.autoconfigure.SpringBootDependencyInjectionTestExecutionListener@3b5503fc, org.springframework.test.context.support.DirtiesContextTestExecutionListener@31577e2e, org.springframework.test.context.transaction.TransactionalTestExecutionListener@1633993f, org.springframework.test.context.jdbc.SqlScriptsTestExecutionListener@7b90c26a, org.springframework.test.context.event.EventPublishingTestExecutionListener@68496407, org.springframework.boot.test.autoconfigure.restdocs.RestDocsTestExecutionListener@62e5d12e, org.springframework.boot.test.autoconfigure.web.client.MockRestServiceServerResetTestExecutionListener@6895562c, org.springframework.boot.test.autoconfigure.web.servlet.MockMvcPrintOnlyOnFailureTestExecutionListener@15eb4ac6, org.springframework.boot.test.autoconfigure.web.servlet.WebDriverTestExecutionListener@36216d20, org.springframework.boot.test.mock.mockito.ResetMocksTestExecutionListener@7a81a66b]
11:48:33.758 [Test worker] DEBUG org.springframework.test.context.support.AbstractDirtiesContextTestExecutionListener - Before test class: context [DefaultTestContext@1b11600b testClass = HealthhongApplicationTests, testInstance = [null], testMethod = [null], testException = [null], mergedContextConfiguration = [WebMergedContextConfiguration@3dc49d62 testClass = HealthhongApplicationTests, locations = '{}', classes = '{class com.healthhong.HealthhongApplication}', contextInitializerClasses = '[]', activeProfiles = '{}', propertySourceLocations = '{}', propertySourceProperties = '{org.springframework.boot.test.context.SpringBootTestContextBootstrapper=true}', contextCustomizers = set[org.springframework.boot.test.autoconfigure.properties.PropertyMappingContextCustomizer@0, org.springframework.boot.test.autoconfigure.web.servlet.WebDriverContextCustomizerFactory$Customizer@619d05ee, org.springframework.boot.test.context.filter.ExcludeFilterContextCustomizer@19e0b1a1, org.springframework.boot.test.json.DuplicateJsonObjectContextCustomizerFactory$DuplicateJsonObjectContextCustomizer@4a9eee20, org.springframework.boot.test.mock.mockito.MockitoContextCustomizer@0, org.springframework.boot.test.web.client.TestRestTemplateContextCustomizer@2ef53293], resourceBasePath = 'src/main/webapp', contextLoader = 'org.springframework.boot.test.context.SpringBootContextLoader', parent = [null]], attributes = map['org.springframework.test.context.web.ServletTestExecutionListener.activateListener' -> true]], class annotated with @DirtiesContext [false] with mode [null].
11:48:33.780 [Test worker] DEBUG org.springframework.test.context.support.TestPropertySourceUtils - Adding inlined properties to environment: {spring.jmx.enabled=false, org.springframework.boot.test.context.SpringBootTestContextBootstrapper=true, server.port=-1}

  .   ____          _            __ _ _
 /\\ / ___'_ __ _ _(_)_ __  __ _ \ \ \ \
( ( )\___ | '_ | '_| | '_ \/ _` | \ \ \ \
 \\/  ___)| |_)| | | | | || (_| |  ) ) ) )
  '  |____| .__|_| |_|_| |_\__, | / / / /
 =========|_|==============|___/=/_/_/_/
 :: Spring Boot ::        (v2.2.4.RELEASE)

[2020-02-02 11:48:34:560][Test worker] INFO  c.h.HealthhongApplicationTests[:55]:: Starting HealthhongApplicationTests on JOONGIui-MacBook-Pro.local with PID 37880 (started by joongi in /Users/joongi/git/healthhong)
[2020-02-02 11:48:34:562][Test worker] INFO  c.h.HealthhongApplicationTests[:651]:: No active profile set, falling back to default profiles: default
[2020-02-02 11:48:35:2107][Test worker] INFO  c.h.HealthhongApplicationTests[:61]:: Started HealthhongApplicationTests in 1.854 seconds (JVM running for 2.713)
]]></system-out>
  <system-err><![CDATA[]]></system-err>
</testsuite>
